[2026-02-04 01:22:43] local.INFO: Elasticsearch package not installed. CQRS read model disabled. Install: composer require elasticsearch/elasticsearch  
[2026-02-04 01:22:44] local.ERROR: Failed to register service with Consul {"error":"cURL error 7: Failed to connect to localhost port 8500 after 1204 ms: Couldn't connect to server (see https://curl.haxx.se/libcurl/c/libcurl-errors.html) for http://localhost:8500/v1/agent/service/register"} 
[2026-02-04 01:25:33] local.INFO: Elasticsearch package not installed. CQRS read model disabled. Install: composer require elasticsearch/elasticsearch  
[2026-02-04 01:25:35] local.ERROR: Failed to register service with Consul {"error":"cURL error 7: Failed to connect to localhost port 8500 after 1202 ms: Couldn't connect to server (see https://curl.haxx.se/libcurl/c/libcurl-errors.html) for http://localhost:8500/v1/agent/service/register"} 
[2026-02-04 01:25:35] local.INFO: HTTP Request {"request_id":"eb680318-9584-4fe7-b312-2966ac847946","method":"GET","url":"http://127.0.0.1:8000","path":"/","ip":"127.0.0.1","user_agent":"Mozilla/5.0 (Windows NT 10.0; Win64; x64) AppleWebKit/537.36 (KHTML, like Gecko) Chrome/144.0.0.0 Safari/537.36","user_id":null,"status_code":200,"duration_ms":95.59,"memory_mb":26.0,"timestamp":"2026-02-04T01:25:35+00:00"} 
[2026-02-04 01:25:36] local.ERROR: Failed to deregister service from Consul {"error":"cURL error 7: Failed to connect to localhost port 8500 after 1203 ms: Couldn't connect to server (see https://curl.haxx.se/libcurl/c/libcurl-errors.html) for http://localhost:8500/v1/agent/service/deregister/ElectroShop-WINDOWS-PC-8000"} 
[2026-02-04 01:25:36] local.INFO: ✅ Service deregistered from Consul  
[2026-02-04 01:25:37] local.INFO: Elasticsearch package not installed. CQRS read model disabled. Install: composer require elasticsearch/elasticsearch  
[2026-02-04 01:25:38] local.ERROR: Failed to register service with Consul {"error":"cURL error 7: Failed to connect to localhost port 8500 after 1201 ms: Couldn't connect to server (see https://curl.haxx.se/libcurl/c/libcurl-errors.html) for http://localhost:8500/v1/agent/service/register"} 
[2026-02-04 01:25:39] local.ERROR: Failed to deregister service from Consul {"error":"cURL error 7: Failed to connect to localhost port 8500 after 1204 ms: Couldn't connect to server (see https://curl.haxx.se/libcurl/c/libcurl-errors.html) for http://localhost:8500/v1/agent/service/deregister/ElectroShop-WINDOWS-PC-8000"} 
[2026-02-04 01:25:39] local.INFO: ✅ Service deregistered from Consul  
[2026-02-04 01:25:40] local.INFO: Elasticsearch package not installed. CQRS read model disabled. Install: composer require elasticsearch/elasticsearch  
[2026-02-04 01:25:41] local.ERROR: Failed to register service with Consul {"error":"cURL error 7: Failed to connect to localhost port 8500 after 1203 ms: Couldn't connect to server (see https://curl.haxx.se/libcurl/c/libcurl-errors.html) for http://localhost:8500/v1/agent/service/register"} 
[2026-02-04 01:25:42] local.ERROR: Failed to deregister service from Consul {"error":"cURL error 7: Failed to connect to localhost port 8500 after 1203 ms: Couldn't connect to server (see https://curl.haxx.se/libcurl/c/libcurl-errors.html) for http://localhost:8500/v1/agent/service/deregister/ElectroShop-WINDOWS-PC-8000"} 
[2026-02-04 01:25:42] local.INFO: ✅ Service deregistered from Consul  
[2026-02-04 01:25:43] local.INFO: Elasticsearch package not installed. CQRS read model disabled. Install: composer require elasticsearch/elasticsearch  
[2026-02-04 01:25:44] local.ERROR: Failed to register service with Consul {"error":"cURL error 7: Failed to connect to localhost port 8500 after 1202 ms: Couldn't connect to server (see https://curl.haxx.se/libcurl/c/libcurl-errors.html) for http://localhost:8500/v1/agent/service/register"} 
[2026-02-04 01:25:45] local.ERROR: Failed to deregister service from Consul {"error":"cURL error 7: Failed to connect to localhost port 8500 after 1202 ms: Couldn't connect to server (see https://curl.haxx.se/libcurl/c/libcurl-errors.html) for http://localhost:8500/v1/agent/service/deregister/ElectroShop-WINDOWS-PC-8000"} 
[2026-02-04 01:25:45] local.INFO: ✅ Service deregistered from Consul  
[2026-02-04 01:25:46] local.INFO: Elasticsearch package not installed. CQRS read model disabled. Install: composer require elasticsearch/elasticsearch  
[2026-02-04 01:25:47] local.ERROR: Failed to register service with Consul {"error":"cURL error 7: Failed to connect to localhost port 8500 after 1203 ms: Couldn't connect to server (see https://curl.haxx.se/libcurl/c/libcurl-errors.html) for http://localhost:8500/v1/agent/service/register"} 
[2026-02-04 01:25:48] local.ERROR: Failed to deregister service from Consul {"error":"cURL error 7: Failed to connect to localhost port 8500 after 1203 ms: Couldn't connect to server (see https://curl.haxx.se/libcurl/c/libcurl-errors.html) for http://localhost:8500/v1/agent/service/deregister/ElectroShop-WINDOWS-PC-8000"} 
[2026-02-04 01:25:48] local.INFO: ✅ Service deregistered from Consul  
[2026-02-04 01:25:49] local.INFO: Elasticsearch package not installed. CQRS read model disabled. Install: composer require elasticsearch/elasticsearch  
[2026-02-04 01:25:50] local.ERROR: Failed to register service with Consul {"error":"cURL error 7: Failed to connect to localhost port 8500 after 1201 ms: Couldn't connect to server (see https://curl.haxx.se/libcurl/c/libcurl-errors.html) for http://localhost:8500/v1/agent/service/register"} 
[2026-02-04 01:25:51] local.ERROR: Failed to deregister service from Consul {"error":"cURL error 7: Failed to connect to localhost port 8500 after 1209 ms: Couldn't connect to server (see https://curl.haxx.se/libcurl/c/libcurl-errors.html) for http://localhost:8500/v1/agent/service/deregister/ElectroShop-WINDOWS-PC-8000"} 
[2026-02-04 01:25:51] local.INFO: ✅ Service deregistered from Consul  
[2026-02-04 01:25:51] local.INFO: Elasticsearch package not installed. CQRS read model disabled. Install: composer require elasticsearch/elasticsearch  
[2026-02-04 01:25:53] local.ERROR: Failed to register service with Consul {"error":"cURL error 7: Failed to connect to localhost port 8500 after 1202 ms: Couldn't connect to server (see https://curl.haxx.se/libcurl/c/libcurl-errors.html) for http://localhost:8500/v1/agent/service/register"} 
[2026-02-04 01:25:54] local.ERROR: Failed to deregister service from Consul {"error":"cURL error 7: Failed to connect to localhost port 8500 after 1202 ms: Couldn't connect to server (see https://curl.haxx.se/libcurl/c/libcurl-errors.html) for http://localhost:8500/v1/agent/service/deregister/ElectroShop-WINDOWS-PC-8000"} 
[2026-02-04 01:25:54] local.INFO: ✅ Service deregistered from Consul  
[2026-02-04 01:25:54] local.INFO: Elasticsearch package not installed. CQRS read model disabled. Install: composer require elasticsearch/elasticsearch  
[2026-02-04 01:25:55] local.ERROR: Failed to register service with Consul {"error":"cURL error 7: Failed to connect to localhost port 8500 after 1201 ms: Couldn't connect to server (see https://curl.haxx.se/libcurl/c/libcurl-errors.html) for http://localhost:8500/v1/agent/service/register"} 
[2026-02-04 01:25:57] local.ERROR: Failed to deregister service from Consul {"error":"cURL error 7: Failed to connect to localhost port 8500 after 1201 ms: Couldn't connect to server (see https://curl.haxx.se/libcurl/c/libcurl-errors.html) for http://localhost:8500/v1/agent/service/deregister/ElectroShop-WINDOWS-PC-8000"} 
[2026-02-04 01:25:57] local.INFO: ✅ Service deregistered from Consul  
[2026-02-04 01:25:57] local.INFO: Elasticsearch package not installed. CQRS read model disabled. Install: composer require elasticsearch/elasticsearch  
[2026-02-04 01:25:58] local.ERROR: Failed to register service with Consul {"error":"cURL error 7: Failed to connect to localhost port 8500 after 1203 ms: Couldn't connect to server (see https://curl.haxx.se/libcurl/c/libcurl-errors.html) for http://localhost:8500/v1/agent/service/register"} 
[2026-02-04 01:26:00] local.ERROR: Failed to deregister service from Consul {"error":"cURL error 7: Failed to connect to localhost port 8500 after 1201 ms: Couldn't connect to server (see https://curl.haxx.se/libcurl/c/libcurl-errors.html) for http://localhost:8500/v1/agent/service/deregister/ElectroShop-WINDOWS-PC-8000"} 
[2026-02-04 01:26:00] local.INFO: ✅ Service deregistered from Consul  
[2026-02-04 01:26:00] local.INFO: Elasticsearch package not installed. CQRS read model disabled. Install: composer require elasticsearch/elasticsearch  
[2026-02-04 01:26:01] local.ERROR: Failed to register service with Consul {"error":"cURL error 7: Failed to connect to localhost port 8500 after 1202 ms: Couldn't connect to server (see https://curl.haxx.se/libcurl/c/libcurl-errors.html) for http://localhost:8500/v1/agent/service/register"} 
[2026-02-04 01:26:03] local.ERROR: Failed to deregister service from Consul {"error":"cURL error 7: Failed to connect to localhost port 8500 after 1203 ms: Couldn't connect to server (see https://curl.haxx.se/libcurl/c/libcurl-errors.html) for http://localhost:8500/v1/agent/service/deregister/ElectroShop-WINDOWS-PC-8000"} 
[2026-02-04 01:26:03] local.INFO: ✅ Service deregistered from Consul  
[2026-02-04 01:26:03] local.INFO: Elasticsearch package not installed. CQRS read model disabled. Install: composer require elasticsearch/elasticsearch  
[2026-02-04 01:26:04] local.ERROR: Failed to register service with Consul {"error":"cURL error 7: Failed to connect to localhost port 8500 after 1201 ms: Couldn't connect to server (see https://curl.haxx.se/libcurl/c/libcurl-errors.html) for http://localhost:8500/v1/agent/service/register"} 
[2026-02-04 01:26:06] local.ERROR: Failed to deregister service from Consul {"error":"cURL error 7: Failed to connect to localhost port 8500 after 1201 ms: Couldn't connect to server (see https://curl.haxx.se/libcurl/c/libcurl-errors.html) for http://localhost:8500/v1/agent/service/deregister/ElectroShop-WINDOWS-PC-8000"} 
[2026-02-04 01:26:06] local.INFO: ✅ Service deregistered from Consul  
[2026-02-04 01:26:06] local.INFO: Elasticsearch package not installed. CQRS read model disabled. Install: composer require elasticsearch/elasticsearch  
[2026-02-04 01:26:07] local.ERROR: Failed to register service with Consul {"error":"cURL error 7: Failed to connect to localhost port 8500 after 1202 ms: Couldn't connect to server (see https://curl.haxx.se/libcurl/c/libcurl-errors.html) for http://localhost:8500/v1/agent/service/register"} 
[2026-02-04 01:26:09] local.ERROR: Failed to deregister service from Consul {"error":"cURL error 7: Failed to connect to localhost port 8500 after 1202 ms: Couldn't connect to server (see https://curl.haxx.se/libcurl/c/libcurl-errors.html) for http://localhost:8500/v1/agent/service/deregister/ElectroShop-WINDOWS-PC-8000"} 
[2026-02-04 01:26:09] local.INFO: ✅ Service deregistered from Consul  
[2026-02-04 01:32:03] local.INFO: Elasticsearch package not installed. CQRS read model disabled. Install: composer require elasticsearch/elasticsearch  
[2026-02-04 01:32:04] local.ERROR: Failed to register service with Consul {"error":"cURL error 7: Failed to connect to localhost port 8500 after 1203 ms: Couldn't connect to server (see https://curl.haxx.se/libcurl/c/libcurl-errors.html) for http://localhost:8500/v1/agent/service/register"} 
[2026-02-04 01:32:05] local.ERROR: Failed to deregister service from Consul {"error":"cURL error 7: Failed to connect to localhost port 8500 after 1202 ms: Couldn't connect to server (see https://curl.haxx.se/libcurl/c/libcurl-errors.html) for http://localhost:8500/v1/agent/service/deregister/ElectroShop-WINDOWS-PC-8000"} 
[2026-02-04 01:32:05] local.INFO: ✅ Service deregistered from Consul  
[2026-02-04 01:36:16] local.INFO: Elasticsearch package not installed. CQRS read model disabled. Install: composer require elasticsearch/elasticsearch  
[2026-02-04 01:37:36] local.INFO: Elasticsearch package not installed. CQRS read model disabled. Install: composer require elasticsearch/elasticsearch  
[2026-02-04 01:37:37] local.INFO: Elasticsearch package not installed. CQRS read model disabled. Install: composer require elasticsearch/elasticsearch  
[2026-02-04 01:37:38] local.INFO: Elasticsearch package not installed. CQRS read model disabled. Install: composer require elasticsearch/elasticsearch  
[2026-02-04 01:52:05] local.INFO: Elasticsearch package not installed. CQRS read model disabled. Install: composer require elasticsearch/elasticsearch  
[2026-02-04 01:52:10] local.INFO: Elasticsearch package not installed. CQRS read model disabled. Install: composer require elasticsearch/elasticsearch  
[2026-02-04 01:52:10] local.ERROR: Class "App\Http\Controllers\Api\Lab03ProductController" does not exist {"exception":"[object] (ReflectionException(code: -1): Class \"App\\Http\\Controllers\\Api\\Lab03ProductController\" does not exist at D:\\Web_Ban_Do_Dien_Tu\\vendor\\laravel\\framework\\src\\Illuminate\\Foundation\\Console\\RouteListCommand.php:225)
[stacktrace]
#0 D:\\Web_Ban_Do_Dien_Tu\\vendor\\laravel\\framework\\src\\Illuminate\\Foundation\\Console\\RouteListCommand.php(225): ReflectionClass->__construct('App\\\\Http\\\\Contro...')
#1 D:\\Web_Ban_Do_Dien_Tu\\vendor\\laravel\\framework\\src\\Illuminate\\Foundation\\Console\\RouteListCommand.php(147): Illuminate\\Foundation\\Console\\RouteListCommand->isVendorRoute(Object(Illuminate\\Routing\\Route))
#2 D:\\Web_Ban_Do_Dien_Tu\\vendor\\laravel\\framework\\src\\Illuminate\\Foundation\\Console\\RouteListCommand.php(116): Illuminate\\Foundation\\Console\\RouteListCommand->getRouteInformation(Object(Illuminate\\Routing\\Route))
#3 [internal function]: Illuminate\\Foundation\\Console\\RouteListCommand->Illuminate\\Foundation\\Console\\{closure}(Object(Illuminate\\Routing\\Route), 36)
#4 D:\\Web_Ban_Do_Dien_Tu\\vendor\\laravel\\framework\\src\\Illuminate\\Collections\\Arr.php(600): array_map(Object(Closure), Array, Array)
#5 D:\\Web_Ban_Do_Dien_Tu\\vendor\\laravel\\framework\\src\\Illuminate\\Collections\\Collection.php(777): Illuminate\\Support\\Arr::map(Array, Object(Closure))
#6 D:\\Web_Ban_Do_Dien_Tu\\vendor\\laravel\\framework\\src\\Illuminate\\Foundation\\Console\\RouteListCommand.php(115): Illuminate\\Support\\Collection->map(Object(Closure))
#7 D:\\Web_Ban_Do_Dien_Tu\\vendor\\laravel\\framework\\src\\Illuminate\\Foundation\\Console\\RouteListCommand.php(101): Illuminate\\Foundation\\Console\\RouteListCommand->getRoutes()
#8 D:\\Web_Ban_Do_Dien_Tu\\vendor\\laravel\\framework\\src\\Illuminate\\Container\\BoundMethod.php(36): Illuminate\\Foundation\\Console\\RouteListCommand->handle()
#9 D:\\Web_Ban_Do_Dien_Tu\\vendor\\laravel\\framework\\src\\Illuminate\\Container\\Util.php(41): Illuminate\\Container\\BoundMethod::Illuminate\\Container\\{closure}()
#10 D:\\Web_Ban_Do_Dien_Tu\\vendor\\laravel\\framework\\src\\Illuminate\\Container\\BoundMethod.php(93): Illuminate\\Container\\Util::unwrapIfClosure(Object(Closure))
#11 D:\\Web_Ban_Do_Dien_Tu\\vendor\\laravel\\framework\\src\\Illuminate\\Container\\BoundMethod.php(35): Illuminate\\Container\\BoundMethod::callBoundMethod(Object(Illuminate\\Foundation\\Application), Array, Object(Closure))
#12 D:\\Web_Ban_Do_Dien_Tu\\vendor\\laravel\\framework\\src\\Illuminate\\Container\\Container.php(662): Illuminate\\Container\\BoundMethod::call(Object(Illuminate\\Foundation\\Application), Array, Array, NULL)
#13 D:\\Web_Ban_Do_Dien_Tu\\vendor\\laravel\\framework\\src\\Illuminate\\Console\\Command.php(211): Illuminate\\Container\\Container->call(Array)
#14 D:\\Web_Ban_Do_Dien_Tu\\vendor\\symfony\\console\\Command\\Command.php(326): Illuminate\\Console\\Command->execute(Object(Symfony\\Component\\Console\\Input\\ArgvInput), Object(Illuminate\\Console\\OutputStyle))
#15 D:\\Web_Ban_Do_Dien_Tu\\vendor\\laravel\\framework\\src\\Illuminate\\Console\\Command.php(180): Symfony\\Component\\Console\\Command\\Command->run(Object(Symfony\\Component\\Console\\Input\\ArgvInput), Object(Illuminate\\Console\\OutputStyle))
#16 D:\\Web_Ban_Do_Dien_Tu\\vendor\\symfony\\console\\Application.php(1096): Illuminate\\Console\\Command->run(Object(Symfony\\Component\\Console\\Input\\ArgvInput), Object(Symfony\\Component\\Console\\Output\\ConsoleOutput))
#17 D:\\Web_Ban_Do_Dien_Tu\\vendor\\symfony\\console\\Application.php(324): Symfony\\Component\\Console\\Application->doRunCommand(Object(Illuminate\\Foundation\\Console\\RouteListCommand), Object(Symfony\\Component\\Console\\Input\\ArgvInput), Object(Symfony\\Component\\Console\\Output\\ConsoleOutput))
#18 D:\\Web_Ban_Do_Dien_Tu\\vendor\\symfony\\console\\Application.php(175): Symfony\\Component\\Console\\Application->doRun(Object(Symfony\\Component\\Console\\Input\\ArgvInput), Object(Symfony\\Component\\Console\\Output\\ConsoleOutput))
#19 D:\\Web_Ban_Do_Dien_Tu\\vendor\\laravel\\framework\\src\\Illuminate\\Foundation\\Console\\Kernel.php(201): Symfony\\Component\\Console\\Application->run(Object(Symfony\\Component\\Console\\Input\\ArgvInput), Object(Symfony\\Component\\Console\\Output\\ConsoleOutput))
#20 D:\\Web_Ban_Do_Dien_Tu\\artisan(35): Illuminate\\Foundation\\Console\\Kernel->handle(Object(Symfony\\Component\\Console\\Input\\ArgvInput), Object(Symfony\\Component\\Console\\Output\\ConsoleOutput))
#21 {main}
"} 
[2026-02-04 02:10:38] local.INFO: Elasticsearch package not installed. CQRS read model disabled. Install: composer require elasticsearch/elasticsearch  
[2026-02-04 02:10:39] local.ERROR: Failed to register service with Consul {"error":"cURL error 7: Failed to connect to localhost port 8500 after 1203 ms: Couldn't connect to server (see https://curl.haxx.se/libcurl/c/libcurl-errors.html) for http://localhost:8500/v1/agent/service/register"} 
[2026-02-04 02:10:42] local.INFO: Elasticsearch package not installed. CQRS read model disabled. Install: composer require elasticsearch/elasticsearch  
[2026-02-04 02:10:43] local.ERROR: Failed to register service with Consul {"error":"cURL error 7: Failed to connect to localhost port 8500 after 1201 ms: Couldn't connect to server (see https://curl.haxx.se/libcurl/c/libcurl-errors.html) for http://localhost:8500/v1/agent/service/register"} 
[2026-02-04 02:10:44] local.INFO: HTTP Request {"request_id":"61c2ab52-1cc8-4652-aea7-79fff1c93bbe","method":"GET","url":"http://127.0.0.1:8000","path":"/","ip":"127.0.0.1","user_agent":"Mozilla/5.0 (Windows NT 10.0; Win64; x64) AppleWebKit/537.36 (KHTML, like Gecko) Chrome/144.0.0.0 Safari/537.36","user_id":null,"status_code":200,"duration_ms":78.32,"memory_mb":26.0,"timestamp":"2026-02-04T02:10:44+00:00"} 
[2026-02-04 02:10:45] local.ERROR: Failed to deregister service from Consul {"error":"cURL error 7: Failed to connect to localhost port 8500 after 1201 ms: Couldn't connect to server (see https://curl.haxx.se/libcurl/c/libcurl-errors.html) for http://localhost:8500/v1/agent/service/deregister/ElectroShop-WINDOWS-PC-8000"} 
[2026-02-04 02:10:45] local.INFO: ✅ Service deregistered from Consul  
[2026-02-04 02:10:45] local.INFO: Elasticsearch package not installed. CQRS read model disabled. Install: composer require elasticsearch/elasticsearch  
[2026-02-04 02:10:46] local.ERROR: Failed to register service with Consul {"error":"cURL error 7: Failed to connect to localhost port 8500 after 1207 ms: Couldn't connect to server (see https://curl.haxx.se/libcurl/c/libcurl-errors.html) for http://localhost:8500/v1/agent/service/register"} 
[2026-02-04 02:10:48] local.ERROR: Failed to deregister service from Consul {"error":"cURL error 7: Failed to connect to localhost port 8500 after 1202 ms: Couldn't connect to server (see https://curl.haxx.se/libcurl/c/libcurl-errors.html) for http://localhost:8500/v1/agent/service/deregister/ElectroShop-WINDOWS-PC-8000"} 
[2026-02-04 02:10:48] local.INFO: ✅ Service deregistered from Consul  
[2026-02-04 02:10:49] local.INFO: Elasticsearch package not installed. CQRS read model disabled. Install: composer require elasticsearch/elasticsearch  
[2026-02-04 02:10:50] local.ERROR: Failed to register service with Consul {"error":"cURL error 7: Failed to connect to localhost port 8500 after 1203 ms: Couldn't connect to server (see https://curl.haxx.se/libcurl/c/libcurl-errors.html) for http://localhost:8500/v1/agent/service/register"} 
[2026-02-04 02:10:51] local.ERROR: Failed to deregister service from Consul {"error":"cURL error 7: Failed to connect to localhost port 8500 after 1207 ms: Couldn't connect to server (see https://curl.haxx.se/libcurl/c/libcurl-errors.html) for http://localhost:8500/v1/agent/service/deregister/ElectroShop-WINDOWS-PC-8000"} 
[2026-02-04 02:10:51] local.INFO: ✅ Service deregistered from Consul  
[2026-02-04 02:10:52] local.INFO: Elasticsearch package not installed. CQRS read model disabled. Install: composer require elasticsearch/elasticsearch  
[2026-02-04 02:10:53] local.ERROR: Failed to register service with Consul {"error":"cURL error 7: Failed to connect to localhost port 8500 after 1201 ms: Couldn't connect to server (see https://curl.haxx.se/libcurl/c/libcurl-errors.html) for http://localhost:8500/v1/agent/service/register"} 
[2026-02-04 02:10:55] local.ERROR: Failed to deregister service from Consul {"error":"cURL error 7: Failed to connect to localhost port 8500 after 1208 ms: Couldn't connect to server (see https://curl.haxx.se/libcurl/c/libcurl-errors.html) for http://localhost:8500/v1/agent/service/deregister/ElectroShop-WINDOWS-PC-8000"} 
[2026-02-04 02:10:55] local.INFO: ✅ Service deregistered from Consul  
[2026-02-04 02:10:55] local.INFO: Elasticsearch package not installed. CQRS read model disabled. Install: composer require elasticsearch/elasticsearch  
[2026-02-04 02:10:56] local.ERROR: Failed to register service with Consul {"error":"cURL error 7: Failed to connect to localhost port 8500 after 1205 ms: Couldn't connect to server (see https://curl.haxx.se/libcurl/c/libcurl-errors.html) for http://localhost:8500/v1/agent/service/register"} 
[2026-02-04 02:10:58] local.ERROR: Failed to deregister service from Consul {"error":"cURL error 7: Failed to connect to localhost port 8500 after 1202 ms: Couldn't connect to server (see https://curl.haxx.se/libcurl/c/libcurl-errors.html) for http://localhost:8500/v1/agent/service/deregister/ElectroShop-WINDOWS-PC-8000"} 
[2026-02-04 02:10:58] local.INFO: ✅ Service deregistered from Consul  
[2026-02-04 02:10:58] local.INFO: Elasticsearch package not installed. CQRS read model disabled. Install: composer require elasticsearch/elasticsearch  
[2026-02-04 02:10:59] local.ERROR: Failed to register service with Consul {"error":"cURL error 7: Failed to connect to localhost port 8500 after 1227 ms: Couldn't connect to server (see https://curl.haxx.se/libcurl/c/libcurl-errors.html) for http://localhost:8500/v1/agent/service/register"} 
[2026-02-04 02:11:01] local.ERROR: Failed to deregister service from Consul {"error":"cURL error 7: Failed to connect to localhost port 8500 after 1203 ms: Couldn't connect to server (see https://curl.haxx.se/libcurl/c/libcurl-errors.html) for http://localhost:8500/v1/agent/service/deregister/ElectroShop-WINDOWS-PC-8000"} 
[2026-02-04 02:11:01] local.INFO: ✅ Service deregistered from Consul  
[2026-02-04 02:11:01] local.INFO: Elasticsearch package not installed. CQRS read model disabled. Install: composer require elasticsearch/elasticsearch  
[2026-02-04 02:11:02] local.ERROR: Failed to register service with Consul {"error":"cURL error 7: Failed to connect to localhost port 8500 after 1203 ms: Couldn't connect to server (see https://curl.haxx.se/libcurl/c/libcurl-errors.html) for http://localhost:8500/v1/agent/service/register"} 
[2026-02-04 02:11:04] local.ERROR: Failed to deregister service from Consul {"error":"cURL error 7: Failed to connect to localhost port 8500 after 1203 ms: Couldn't connect to server (see https://curl.haxx.se/libcurl/c/libcurl-errors.html) for http://localhost:8500/v1/agent/service/deregister/ElectroShop-WINDOWS-PC-8000"} 
[2026-02-04 02:11:04] local.INFO: ✅ Service deregistered from Consul  
[2026-02-04 02:11:04] local.INFO: Elasticsearch package not installed. CQRS read model disabled. Install: composer require elasticsearch/elasticsearch  
[2026-02-04 02:11:05] local.ERROR: Failed to register service with Consul {"error":"cURL error 7: Failed to connect to localhost port 8500 after 1202 ms: Couldn't connect to server (see https://curl.haxx.se/libcurl/c/libcurl-errors.html) for http://localhost:8500/v1/agent/service/register"} 
[2026-02-04 02:11:07] local.ERROR: Failed to deregister service from Consul {"error":"cURL error 7: Failed to connect to localhost port 8500 after 1203 ms: Couldn't connect to server (see https://curl.haxx.se/libcurl/c/libcurl-errors.html) for http://localhost:8500/v1/agent/service/deregister/ElectroShop-WINDOWS-PC-8000"} 
[2026-02-04 02:11:07] local.INFO: ✅ Service deregistered from Consul  
[2026-02-04 02:11:07] local.INFO: Elasticsearch package not installed. CQRS read model disabled. Install: composer require elasticsearch/elasticsearch  
[2026-02-04 02:11:08] local.ERROR: Failed to register service with Consul {"error":"cURL error 7: Failed to connect to localhost port 8500 after 1229 ms: Couldn't connect to server (see https://curl.haxx.se/libcurl/c/libcurl-errors.html) for http://localhost:8500/v1/agent/service/register"} 
[2026-02-04 02:11:10] local.ERROR: Failed to deregister service from Consul {"error":"cURL error 7: Failed to connect to localhost port 8500 after 1203 ms: Couldn't connect to server (see https://curl.haxx.se/libcurl/c/libcurl-errors.html) for http://localhost:8500/v1/agent/service/deregister/ElectroShop-WINDOWS-PC-8000"} 
[2026-02-04 02:11:10] local.INFO: ✅ Service deregistered from Consul  
[2026-02-04 02:11:10] local.INFO: Elasticsearch package not installed. CQRS read model disabled. Install: composer require elasticsearch/elasticsearch  
[2026-02-04 02:11:11] local.ERROR: Failed to register service with Consul {"error":"cURL error 7: Failed to connect to localhost port 8500 after 1207 ms: Couldn't connect to server (see https://curl.haxx.se/libcurl/c/libcurl-errors.html) for http://localhost:8500/v1/agent/service/register"} 
[2026-02-04 02:11:13] local.ERROR: Failed to deregister service from Consul {"error":"cURL error 7: Failed to connect to localhost port 8500 after 1202 ms: Couldn't connect to server (see https://curl.haxx.se/libcurl/c/libcurl-errors.html) for http://localhost:8500/v1/agent/service/deregister/ElectroShop-WINDOWS-PC-8000"} 
[2026-02-04 02:11:13] local.INFO: ✅ Service deregistered from Consul  
[2026-02-04 02:11:13] local.INFO: Elasticsearch package not installed. CQRS read model disabled. Install: composer require elasticsearch/elasticsearch  
[2026-02-04 02:11:14] local.ERROR: Failed to register service with Consul {"error":"cURL error 7: Failed to connect to localhost port 8500 after 1204 ms: Couldn't connect to server (see https://curl.haxx.se/libcurl/c/libcurl-errors.html) for http://localhost:8500/v1/agent/service/register"} 
[2026-02-04 02:11:16] local.ERROR: Failed to deregister service from Consul {"error":"cURL error 7: Failed to connect to localhost port 8500 after 1202 ms: Couldn't connect to server (see https://curl.haxx.se/libcurl/c/libcurl-errors.html) for http://localhost:8500/v1/agent/service/deregister/ElectroShop-WINDOWS-PC-8000"} 
[2026-02-04 02:11:16] local.INFO: ✅ Service deregistered from Consul  
[2026-02-04 04:06:17] local.INFO: Elasticsearch package not installed. CQRS read model disabled. Install: composer require elasticsearch/elasticsearch  
[2026-02-04 04:06:18] local.ERROR: Failed to register service with Consul {"error":"cURL error 7: Failed to connect to localhost port 8500 after 1207 ms: Couldn't connect to server (see https://curl.haxx.se/libcurl/c/libcurl-errors.html) for http://localhost:8500/v1/agent/service/register"} 
[2026-02-04 04:06:22] local.INFO: Elasticsearch package not installed. CQRS read model disabled. Install: composer require elasticsearch/elasticsearch  
[2026-02-04 04:06:24] local.ERROR: Failed to register service with Consul {"error":"cURL error 7: Failed to connect to localhost port 8500 after 1203 ms: Couldn't connect to server (see https://curl.haxx.se/libcurl/c/libcurl-errors.html) for http://localhost:8500/v1/agent/service/register"} 
[2026-02-04 04:06:24] local.INFO: HTTP Request {"request_id":"7e2d164b-a8ae-437b-8b5e-24c480364386","method":"GET","url":"http://127.0.0.1:8000","path":"/","ip":"127.0.0.1","user_agent":"Mozilla/5.0 (Windows NT 10.0; Win64; x64) AppleWebKit/537.36 (KHTML, like Gecko) Chrome/144.0.0.0 Safari/537.36","user_id":null,"status_code":200,"duration_ms":119.25,"memory_mb":26.0,"timestamp":"2026-02-04T04:06:24+00:00"} 
[2026-02-04 04:06:25] local.ERROR: Failed to deregister service from Consul {"error":"cURL error 7: Failed to connect to localhost port 8500 after 1201 ms: Couldn't connect to server (see https://curl.haxx.se/libcurl/c/libcurl-errors.html) for http://localhost:8500/v1/agent/service/deregister/ElectroShop-WINDOWS-PC-8000"} 
[2026-02-04 04:06:25] local.INFO: ✅ Service deregistered from Consul  
[2026-02-04 04:06:26] local.INFO: Elasticsearch package not installed. CQRS read model disabled. Install: composer require elasticsearch/elasticsearch  
[2026-02-04 04:06:27] local.ERROR: Failed to register service with Consul {"error":"cURL error 7: Failed to connect to localhost port 8500 after 1203 ms: Couldn't connect to server (see https://curl.haxx.se/libcurl/c/libcurl-errors.html) for http://localhost:8500/v1/agent/service/register"} 
[2026-02-04 04:06:29] local.ERROR: Failed to deregister service from Consul {"error":"cURL error 7: Failed to connect to localhost port 8500 after 1202 ms: Couldn't connect to server (see https://curl.haxx.se/libcurl/c/libcurl-errors.html) for http://localhost:8500/v1/agent/service/deregister/ElectroShop-WINDOWS-PC-8000"} 
[2026-02-04 04:06:29] local.INFO: ✅ Service deregistered from Consul  
[2026-02-04 04:06:29] local.INFO: Elasticsearch package not installed. CQRS read model disabled. Install: composer require elasticsearch/elasticsearch  
[2026-02-04 04:06:30] local.ERROR: Failed to register service with Consul {"error":"cURL error 7: Failed to connect to localhost port 8500 after 1202 ms: Couldn't connect to server (see https://curl.haxx.se/libcurl/c/libcurl-errors.html) for http://localhost:8500/v1/agent/service/register"} 
[2026-02-04 04:06:32] local.ERROR: Failed to deregister service from Consul {"error":"cURL error 7: Failed to connect to localhost port 8500 after 1202 ms: Couldn't connect to server (see https://curl.haxx.se/libcurl/c/libcurl-errors.html) for http://localhost:8500/v1/agent/service/deregister/ElectroShop-WINDOWS-PC-8000"} 
[2026-02-04 04:06:32] local.INFO: ✅ Service deregistered from Consul  
[2026-02-04 04:06:32] local.INFO: Elasticsearch package not installed. CQRS read model disabled. Install: composer require elasticsearch/elasticsearch  
[2026-02-04 04:06:33] local.ERROR: Failed to register service with Consul {"error":"cURL error 7: Failed to connect to localhost port 8500 after 1201 ms: Couldn't connect to server (see https://curl.haxx.se/libcurl/c/libcurl-errors.html) for http://localhost:8500/v1/agent/service/register"} 
[2026-02-04 04:06:35] local.ERROR: Failed to deregister service from Consul {"error":"cURL error 7: Failed to connect to localhost port 8500 after 1204 ms: Couldn't connect to server (see https://curl.haxx.se/libcurl/c/libcurl-errors.html) for http://localhost:8500/v1/agent/service/deregister/ElectroShop-WINDOWS-PC-8000"} 
[2026-02-04 04:06:35] local.INFO: ✅ Service deregistered from Consul  
[2026-02-04 04:06:35] local.INFO: Elasticsearch package not installed. CQRS read model disabled. Install: composer require elasticsearch/elasticsearch  
[2026-02-04 04:06:37] local.ERROR: Failed to register service with Consul {"error":"cURL error 7: Failed to connect to localhost port 8500 after 1201 ms: Couldn't connect to server (see https://curl.haxx.se/libcurl/c/libcurl-errors.html) for http://localhost:8500/v1/agent/service/register"} 
[2026-02-04 04:06:38] local.ERROR: Failed to deregister service from Consul {"error":"cURL error 7: Failed to connect to localhost port 8500 after 1202 ms: Couldn't connect to server (see https://curl.haxx.se/libcurl/c/libcurl-errors.html) for http://localhost:8500/v1/agent/service/deregister/ElectroShop-WINDOWS-PC-8000"} 
[2026-02-04 04:06:38] local.INFO: ✅ Service deregistered from Consul  
[2026-02-04 04:06:39] local.INFO: Elasticsearch package not installed. CQRS read model disabled. Install: composer require elasticsearch/elasticsearch  
[2026-02-04 04:06:40] local.ERROR: Failed to register service with Consul {"error":"cURL error 7: Failed to connect to localhost port 8500 after 1203 ms: Couldn't connect to server (see https://curl.haxx.se/libcurl/c/libcurl-errors.html) for http://localhost:8500/v1/agent/service/register"} 
[2026-02-04 04:06:41] local.ERROR: Failed to deregister service from Consul {"error":"cURL error 7: Failed to connect to localhost port 8500 after 1202 ms: Couldn't connect to server (see https://curl.haxx.se/libcurl/c/libcurl-errors.html) for http://localhost:8500/v1/agent/service/deregister/ElectroShop-WINDOWS-PC-8000"} 
[2026-02-04 04:06:41] local.INFO: ✅ Service deregistered from Consul  
[2026-02-04 04:06:42] local.INFO: Elasticsearch package not installed. CQRS read model disabled. Install: composer require elasticsearch/elasticsearch  
[2026-02-04 04:06:43] local.ERROR: Failed to register service with Consul {"error":"cURL error 7: Failed to connect to localhost port 8500 after 1204 ms: Couldn't connect to server (see https://curl.haxx.se/libcurl/c/libcurl-errors.html) for http://localhost:8500/v1/agent/service/register"} 
[2026-02-04 04:06:45] local.ERROR: Failed to deregister service from Consul {"error":"cURL error 7: Failed to connect to localhost port 8500 after 1201 ms: Couldn't connect to server (see https://curl.haxx.se/libcurl/c/libcurl-errors.html) for http://localhost:8500/v1/agent/service/deregister/ElectroShop-WINDOWS-PC-8000"} 
[2026-02-04 04:06:45] local.INFO: ✅ Service deregistered from Consul  
[2026-02-04 04:06:45] local.INFO: Elasticsearch package not installed. CQRS read model disabled. Install: composer require elasticsearch/elasticsearch  
[2026-02-04 04:06:46] local.ERROR: Failed to register service with Consul {"error":"cURL error 7: Failed to connect to localhost port 8500 after 1200 ms: Couldn't connect to server (see https://curl.haxx.se/libcurl/c/libcurl-errors.html) for http://localhost:8500/v1/agent/service/register"} 
[2026-02-04 04:06:48] local.ERROR: Failed to deregister service from Consul {"error":"cURL error 7: Failed to connect to localhost port 8500 after 1200 ms: Couldn't connect to server (see https://curl.haxx.se/libcurl/c/libcurl-errors.html) for http://localhost:8500/v1/agent/service/deregister/ElectroShop-WINDOWS-PC-8000"} 
[2026-02-04 04:06:48] local.INFO: ✅ Service deregistered from Consul  
[2026-02-04 04:06:48] local.INFO: Elasticsearch package not installed. CQRS read model disabled. Install: composer require elasticsearch/elasticsearch  
[2026-02-04 04:06:49] local.ERROR: Failed to register service with Consul {"error":"cURL error 7: Failed to connect to localhost port 8500 after 1201 ms: Couldn't connect to server (see https://curl.haxx.se/libcurl/c/libcurl-errors.html) for http://localhost:8500/v1/agent/service/register"} 
[2026-02-04 04:06:51] local.ERROR: Failed to deregister service from Consul {"error":"cURL error 7: Failed to connect to localhost port 8500 after 1202 ms: Couldn't connect to server (see https://curl.haxx.se/libcurl/c/libcurl-errors.html) for http://localhost:8500/v1/agent/service/deregister/ElectroShop-WINDOWS-PC-8000"} 
[2026-02-04 04:06:51] local.INFO: ✅ Service deregistered from Consul  
[2026-02-04 04:06:51] local.INFO: Elasticsearch package not installed. CQRS read model disabled. Install: composer require elasticsearch/elasticsearch  
[2026-02-04 04:06:53] local.ERROR: Failed to register service with Consul {"error":"cURL error 7: Failed to connect to localhost port 8500 after 1203 ms: Couldn't connect to server (see https://curl.haxx.se/libcurl/c/libcurl-errors.html) for http://localhost:8500/v1/agent/service/register"} 
[2026-02-04 04:06:54] local.ERROR: Failed to deregister service from Consul {"error":"cURL error 7: Failed to connect to localhost port 8500 after 1203 ms: Couldn't connect to server (see https://curl.haxx.se/libcurl/c/libcurl-errors.html) for http://localhost:8500/v1/agent/service/deregister/ElectroShop-WINDOWS-PC-8000"} 
[2026-02-04 04:06:54] local.INFO: ✅ Service deregistered from Consul  
[2026-02-04 04:06:54] local.INFO: Elasticsearch package not installed. CQRS read model disabled. Install: composer require elasticsearch/elasticsearch  
[2026-02-04 04:06:56] local.ERROR: Failed to register service with Consul {"error":"cURL error 7: Failed to connect to localhost port 8500 after 1202 ms: Couldn't connect to server (see https://curl.haxx.se/libcurl/c/libcurl-errors.html) for http://localhost:8500/v1/agent/service/register"} 
[2026-02-04 04:06:57] local.ERROR: Failed to deregister service from Consul {"error":"cURL error 7: Failed to connect to localhost port 8500 after 1203 ms: Couldn't connect to server (see https://curl.haxx.se/libcurl/c/libcurl-errors.html) for http://localhost:8500/v1/agent/service/deregister/ElectroShop-WINDOWS-PC-8000"} 
[2026-02-04 04:06:57] local.INFO: ✅ Service deregistered from Consul  
[2026-02-04 04:06:58] local.INFO: Elasticsearch package not installed. CQRS read model disabled. Install: composer require elasticsearch/elasticsearch  
[2026-02-04 04:06:59] local.ERROR: Failed to register service with Consul {"error":"cURL error 7: Failed to connect to localhost port 8500 after 1202 ms: Couldn't connect to server (see https://curl.haxx.se/libcurl/c/libcurl-errors.html) for http://localhost:8500/v1/agent/service/register"} 
[2026-02-04 04:07:01] local.ERROR: Failed to deregister service from Consul {"error":"cURL error 7: Failed to connect to localhost port 8500 after 1201 ms: Couldn't connect to server (see https://curl.haxx.se/libcurl/c/libcurl-errors.html) for http://localhost:8500/v1/agent/service/deregister/ElectroShop-WINDOWS-PC-8000"} 
[2026-02-04 04:07:01] local.INFO: ✅ Service deregistered from Consul  
[2026-02-04 04:09:13] local.INFO: Elasticsearch package not installed. CQRS read model disabled. Install: composer require elasticsearch/elasticsearch  
[2026-02-04 04:09:15] local.ERROR: Failed to register service with Consul {"error":"cURL error 7: Failed to connect to localhost port 8500 after 1204 ms: Couldn't connect to server (see https://curl.haxx.se/libcurl/c/libcurl-errors.html) for http://localhost:8500/v1/agent/service/register"} 
[2026-02-04 04:09:16] local.ERROR: Failed to deregister service from Consul {"error":"cURL error 7: Failed to connect to localhost port 8500 after 1203 ms: Couldn't connect to server (see https://curl.haxx.se/libcurl/c/libcurl-errors.html) for http://localhost:8500/v1/agent/service/deregister/ElectroShop-WINDOWS-PC-8000"} 
[2026-02-04 04:09:16] local.INFO: ✅ Service deregistered from Consul  
[2026-02-04 04:09:30] local.INFO: Elasticsearch package not installed. CQRS read model disabled. Install: composer require elasticsearch/elasticsearch  
[2026-02-04 04:09:32] local.ERROR: Failed to register service with Consul {"error":"cURL error 7: Failed to connect to localhost port 8500 after 1202 ms: Couldn't connect to server (see https://curl.haxx.se/libcurl/c/libcurl-errors.html) for http://localhost:8500/v1/agent/service/register"} 
[2026-02-04 04:09:33] local.ERROR: Failed to deregister service from Consul {"error":"cURL error 7: Failed to connect to localhost port 8500 after 1202 ms: Couldn't connect to server (see https://curl.haxx.se/libcurl/c/libcurl-errors.html) for http://localhost:8500/v1/agent/service/deregister/ElectroShop-WINDOWS-PC-8000"} 
[2026-02-04 04:09:33] local.INFO: ✅ Service deregistered from Consul  
[2026-02-04 04:57:52] local.INFO: Elasticsearch package not installed. CQRS read model disabled. Install: composer require elasticsearch/elasticsearch  
[2026-02-04 04:57:54] local.ERROR: Failed to register service with Consul {"error":"cURL error 7: Failed to connect to localhost port 8500 after 1201 ms: Couldn't connect to server (see https://curl.haxx.se/libcurl/c/libcurl-errors.html) for http://localhost:8500/v1/agent/service/register"} 
[2026-02-04 04:57:54] local.INFO: Product created: 37 - Samsung Galaxy S24  
[2026-02-04 04:57:55] local.ERROR: Failed to deregister service from Consul {"error":"cURL error 7: Failed to connect to localhost port 8500 after 1204 ms: Couldn't connect to server (see https://curl.haxx.se/libcurl/c/libcurl-errors.html) for http://localhost:8500/v1/agent/service/deregister/ElectroShop-WINDOWS-PC-8000"} 
[2026-02-04 04:57:55] local.INFO: ✅ Service deregistered from Consul  
[2026-02-04 04:58:43] local.INFO: Elasticsearch package not installed. CQRS read model disabled. Install: composer require elasticsearch/elasticsearch  
[2026-02-04 04:58:45] local.ERROR: Failed to register service with Consul {"error":"cURL error 7: Failed to connect to localhost port 8500 after 1203 ms: Couldn't connect to server (see https://curl.haxx.se/libcurl/c/libcurl-errors.html) for http://localhost:8500/v1/agent/service/register"} 
[2026-02-04 04:58:45] local.INFO: Product created: 38 - Test Product  
[2026-02-04 04:58:46] local.ERROR: Failed to deregister service from Consul {"error":"cURL error 7: Failed to connect to localhost port 8500 after 1204 ms: Couldn't connect to server (see https://curl.haxx.se/libcurl/c/libcurl-errors.html) for http://localhost:8500/v1/agent/service/deregister/ElectroShop-WINDOWS-PC-8000"} 
[2026-02-04 04:58:46] local.INFO: ✅ Service deregistered from Consul  
[2026-02-04 05:24:22] local.INFO: Elasticsearch package not installed. CQRS read model disabled. Install: composer require elasticsearch/elasticsearch  
[2026-02-04 05:24:23] local.ERROR: Failed to register service with Consul {"error":"cURL error 7: Failed to connect to localhost port 8500 after 1205 ms: Couldn't connect to server (see https://curl.haxx.se/libcurl/c/libcurl-errors.html) for http://localhost:8500/v1/agent/service/register"} 
[2026-02-04 05:24:29] local.INFO: Elasticsearch package not installed. CQRS read model disabled. Install: composer require elasticsearch/elasticsearch  
[2026-02-04 05:24:30] local.ERROR: Failed to register service with Consul {"error":"cURL error 7: Failed to connect to localhost port 8500 after 1207 ms: Couldn't connect to server (see https://curl.haxx.se/libcurl/c/libcurl-errors.html) for http://localhost:8500/v1/agent/service/register"} 
[2026-02-04 05:24:31] local.INFO: HTTP Request {"request_id":"ef321699-61c8-4624-b232-24767bcb8ada","method":"GET","url":"http://127.0.0.1:8000","path":"/","ip":"127.0.0.1","user_agent":"Mozilla/5.0 (Windows NT 10.0; Win64; x64) AppleWebKit/537.36 (KHTML, like Gecko) Chrome/144.0.0.0 Safari/537.36","user_id":null,"status_code":200,"duration_ms":204.14,"memory_mb":26.0,"timestamp":"2026-02-04T05:24:31+00:00"} 
[2026-02-04 05:24:32] local.ERROR: Failed to deregister service from Consul {"error":"cURL error 7: Failed to connect to localhost port 8500 after 1204 ms: Couldn't connect to server (see https://curl.haxx.se/libcurl/c/libcurl-errors.html) for http://localhost:8500/v1/agent/service/deregister/ElectroShop-WINDOWS-PC-8000"} 
[2026-02-04 05:24:32] local.INFO: ✅ Service deregistered from Consul  
[2026-02-04 05:24:32] local.INFO: Elasticsearch package not installed. CQRS read model disabled. Install: composer require elasticsearch/elasticsearch  
[2026-02-04 05:24:34] local.ERROR: Failed to register service with Consul {"error":"cURL error 7: Failed to connect to localhost port 8500 after 1203 ms: Couldn't connect to server (see https://curl.haxx.se/libcurl/c/libcurl-errors.html) for http://localhost:8500/v1/agent/service/register"} 
[2026-02-04 05:24:35] local.ERROR: Failed to deregister service from Consul {"error":"cURL error 7: Failed to connect to localhost port 8500 after 1201 ms: Couldn't connect to server (see https://curl.haxx.se/libcurl/c/libcurl-errors.html) for http://localhost:8500/v1/agent/service/deregister/ElectroShop-WINDOWS-PC-8000"} 
[2026-02-04 05:24:35] local.INFO: ✅ Service deregistered from Consul  
[2026-02-04 05:24:36] local.INFO: Elasticsearch package not installed. CQRS read model disabled. Install: composer require elasticsearch/elasticsearch  
[2026-02-04 05:24:37] local.ERROR: Failed to register service with Consul {"error":"cURL error 7: Failed to connect to localhost port 8500 after 1202 ms: Couldn't connect to server (see https://curl.haxx.se/libcurl/c/libcurl-errors.html) for http://localhost:8500/v1/agent/service/register"} 
[2026-02-04 05:24:39] local.ERROR: Failed to deregister service from Consul {"error":"cURL error 7: Failed to connect to localhost port 8500 after 1206 ms: Couldn't connect to server (see https://curl.haxx.se/libcurl/c/libcurl-errors.html) for http://localhost:8500/v1/agent/service/deregister/ElectroShop-WINDOWS-PC-8000"} 
[2026-02-04 05:24:39] local.INFO: ✅ Service deregistered from Consul  
[2026-02-04 05:24:39] local.INFO: Elasticsearch package not installed. CQRS read model disabled. Install: composer require elasticsearch/elasticsearch  
[2026-02-04 05:24:40] local.ERROR: Failed to register service with Consul {"error":"cURL error 7: Failed to connect to localhost port 8500 after 1201 ms: Couldn't connect to server (see https://curl.haxx.se/libcurl/c/libcurl-errors.html) for http://localhost:8500/v1/agent/service/register"} 
[2026-02-04 05:24:42] local.ERROR: Failed to deregister service from Consul {"error":"cURL error 7: Failed to connect to localhost port 8500 after 1202 ms: Couldn't connect to server (see https://curl.haxx.se/libcurl/c/libcurl-errors.html) for http://localhost:8500/v1/agent/service/deregister/ElectroShop-WINDOWS-PC-8000"} 
[2026-02-04 05:24:42] local.INFO: ✅ Service deregistered from Consul  
[2026-02-04 05:24:42] local.INFO: Elasticsearch package not installed. CQRS read model disabled. Install: composer require elasticsearch/elasticsearch  
[2026-02-04 05:24:44] local.ERROR: Failed to register service with Consul {"error":"cURL error 7: Failed to connect to localhost port 8500 after 1207 ms: Couldn't connect to server (see https://curl.haxx.se/libcurl/c/libcurl-errors.html) for http://localhost:8500/v1/agent/service/register"} 
[2026-02-04 05:24:45] local.ERROR: Failed to deregister service from Consul {"error":"cURL error 7: Failed to connect to localhost port 8500 after 1201 ms: Couldn't connect to server (see https://curl.haxx.se/libcurl/c/libcurl-errors.html) for http://localhost:8500/v1/agent/service/deregister/ElectroShop-WINDOWS-PC-8000"} 
[2026-02-04 05:24:45] local.INFO: ✅ Service deregistered from Consul  
[2026-02-04 05:24:46] local.INFO: Elasticsearch package not installed. CQRS read model disabled. Install: composer require elasticsearch/elasticsearch  
[2026-02-04 05:24:47] local.ERROR: Failed to register service with Consul {"error":"cURL error 7: Failed to connect to localhost port 8500 after 1202 ms: Couldn't connect to server (see https://curl.haxx.se/libcurl/c/libcurl-errors.html) for http://localhost:8500/v1/agent/service/register"} 
[2026-02-04 05:24:49] local.ERROR: Failed to deregister service from Consul {"error":"cURL error 7: Failed to connect to localhost port 8500 after 1201 ms: Couldn't connect to server (see https://curl.haxx.se/libcurl/c/libcurl-errors.html) for http://localhost:8500/v1/agent/service/deregister/ElectroShop-WINDOWS-PC-8000"} 
[2026-02-04 05:24:49] local.INFO: ✅ Service deregistered from Consul  
[2026-02-04 05:24:49] local.INFO: Elasticsearch package not installed. CQRS read model disabled. Install: composer require elasticsearch/elasticsearch  
[2026-02-04 05:24:50] local.ERROR: Failed to register service with Consul {"error":"cURL error 7: Failed to connect to localhost port 8500 after 1201 ms: Couldn't connect to server (see https://curl.haxx.se/libcurl/c/libcurl-errors.html) for http://localhost:8500/v1/agent/service/register"} 
[2026-02-04 05:24:52] local.ERROR: Failed to deregister service from Consul {"error":"cURL error 7: Failed to connect to localhost port 8500 after 1204 ms: Couldn't connect to server (see https://curl.haxx.se/libcurl/c/libcurl-errors.html) for http://localhost:8500/v1/agent/service/deregister/ElectroShop-WINDOWS-PC-8000"} 
[2026-02-04 05:24:52] local.INFO: ✅ Service deregistered from Consul  
[2026-02-04 05:24:52] local.INFO: Elasticsearch package not installed. CQRS read model disabled. Install: composer require elasticsearch/elasticsearch  
[2026-02-04 05:24:53] local.ERROR: Failed to register service with Consul {"error":"cURL error 7: Failed to connect to localhost port 8500 after 1202 ms: Couldn't connect to server (see https://curl.haxx.se/libcurl/c/libcurl-errors.html) for http://localhost:8500/v1/agent/service/register"} 
[2026-02-04 05:24:55] local.ERROR: Failed to deregister service from Consul {"error":"cURL error 7: Failed to connect to localhost port 8500 after 1203 ms: Couldn't connect to server (see https://curl.haxx.se/libcurl/c/libcurl-errors.html) for http://localhost:8500/v1/agent/service/deregister/ElectroShop-WINDOWS-PC-8000"} 
[2026-02-04 05:24:55] local.INFO: ✅ Service deregistered from Consul  
[2026-02-04 05:24:55] local.INFO: Elasticsearch package not installed. CQRS read model disabled. Install: composer require elasticsearch/elasticsearch  
[2026-02-04 05:24:57] local.ERROR: Failed to register service with Consul {"error":"cURL error 7: Failed to connect to localhost port 8500 after 1202 ms: Couldn't connect to server (see https://curl.haxx.se/libcurl/c/libcurl-errors.html) for http://localhost:8500/v1/agent/service/register"} 
[2026-02-04 05:24:58] local.ERROR: Failed to deregister service from Consul {"error":"cURL error 7: Failed to connect to localhost port 8500 after 1204 ms: Couldn't connect to server (see https://curl.haxx.se/libcurl/c/libcurl-errors.html) for http://localhost:8500/v1/agent/service/deregister/ElectroShop-WINDOWS-PC-8000"} 
[2026-02-04 05:24:58] local.INFO: ✅ Service deregistered from Consul  
[2026-02-04 05:24:59] local.INFO: Elasticsearch package not installed. CQRS read model disabled. Install: composer require elasticsearch/elasticsearch  
[2026-02-04 05:25:00] local.ERROR: Failed to register service with Consul {"error":"cURL error 7: Failed to connect to localhost port 8500 after 1204 ms: Couldn't connect to server (see https://curl.haxx.se/libcurl/c/libcurl-errors.html) for http://localhost:8500/v1/agent/service/register"} 
[2026-02-04 05:25:02] local.ERROR: Failed to deregister service from Consul {"error":"cURL error 7: Failed to connect to localhost port 8500 after 1204 ms: Couldn't connect to server (see https://curl.haxx.se/libcurl/c/libcurl-errors.html) for http://localhost:8500/v1/agent/service/deregister/ElectroShop-WINDOWS-PC-8000"} 
[2026-02-04 05:25:02] local.INFO: ✅ Service deregistered from Consul  
[2026-02-04 05:25:02] local.INFO: Elasticsearch package not installed. CQRS read model disabled. Install: composer require elasticsearch/elasticsearch  
[2026-02-04 05:25:03] local.ERROR: Failed to register service with Consul {"error":"cURL error 7: Failed to connect to localhost port 8500 after 1203 ms: Couldn't connect to server (see https://curl.haxx.se/libcurl/c/libcurl-errors.html) for http://localhost:8500/v1/agent/service/register"} 
[2026-02-04 05:25:05] local.ERROR: Failed to deregister service from Consul {"error":"cURL error 7: Failed to connect to localhost port 8500 after 1201 ms: Couldn't connect to server (see https://curl.haxx.se/libcurl/c/libcurl-errors.html) for http://localhost:8500/v1/agent/service/deregister/ElectroShop-WINDOWS-PC-8000"} 
[2026-02-04 05:25:05] local.INFO: ✅ Service deregistered from Consul  
[2026-02-04 05:25:32] local.INFO: Elasticsearch package not installed. CQRS read model disabled. Install: composer require elasticsearch/elasticsearch  
[2026-02-04 05:25:33] local.ERROR: Failed to register service with Consul {"error":"cURL error 7: Failed to connect to localhost port 8500 after 1202 ms: Couldn't connect to server (see https://curl.haxx.se/libcurl/c/libcurl-errors.html) for http://localhost:8500/v1/agent/service/register"} 
[2026-02-04 05:25:34] local.INFO: Product created: 39 - Test Product  
[2026-02-04 05:25:35] local.ERROR: Failed to deregister service from Consul {"error":"cURL error 7: Failed to connect to localhost port 8500 after 1202 ms: Couldn't connect to server (see https://curl.haxx.se/libcurl/c/libcurl-errors.html) for http://localhost:8500/v1/agent/service/deregister/ElectroShop-WINDOWS-PC-8000"} 
[2026-02-04 05:25:35] local.INFO: ✅ Service deregistered from Consul  
[2026-02-04 05:25:48] local.INFO: Elasticsearch package not installed. CQRS read model disabled. Install: composer require elasticsearch/elasticsearch  
[2026-02-04 05:25:49] local.ERROR: Failed to register service with Consul {"error":"cURL error 7: Failed to connect to localhost port 8500 after 1202 ms: Couldn't connect to server (see https://curl.haxx.se/libcurl/c/libcurl-errors.html) for http://localhost:8500/v1/agent/service/register"} 
[2026-02-04 05:25:51] local.ERROR: Failed to deregister service from Consul {"error":"cURL error 7: Failed to connect to localhost port 8500 after 1208 ms: Couldn't connect to server (see https://curl.haxx.se/libcurl/c/libcurl-errors.html) for http://localhost:8500/v1/agent/service/deregister/ElectroShop-WINDOWS-PC-8000"} 
[2026-02-04 05:25:51] local.INFO: ✅ Service deregistered from Consul  
[2026-02-04 08:53:07] local.INFO: Elasticsearch package not installed. CQRS read model disabled. Install: composer require elasticsearch/elasticsearch  
[2026-02-04 08:53:08] local.ERROR: Failed to register service with Consul {"error":"cURL error 7: Failed to connect to localhost port 8500 after 1202 ms: Couldn't connect to server (see https://curl.haxx.se/libcurl/c/libcurl-errors.html) for http://localhost:8500/v1/agent/service/register"} 
